<?xml version="1.0" encoding="UTF-8"?>
<testsuites name="First_Suite" time="3" tests="2" failures="0" errors="0">
   <testsuite name="First_Suite" tests="2" failures="0" errors="0" time="3" timestamp="2018-03-01 16:02:47" hostname="frederic_hesse - frederics-macbook.fritz.box" id="Test Suites/First_Suite">
      <properties>
         <property name="deviceName" value=""/>
         <property name="devicePlatform" value=""/>
         <property name="logFolder" value="/Users/frederic_hesse/Documents/SwissQ/Tools/Katalon/Tutorial/Reports/First_Suite/20180301_160245"/>
         <property name="logFiles" value="/Users/frederic_hesse/Documents/SwissQ/Tools/Katalon/Tutorial/Reports/First_Suite/20180301_160245/execution0.log"/>
         <property name="attachments" value=""/>
         <property name="hostName" value="frederic_hesse - frederics-macbook.fritz.box"/>
         <property name="os" value="Mac OS X 64bit"/>
         <property name="katalonVersion" value="5.3.0.1"/>
         <property name="browser" value="Chrome 64.0.3282.186"/>
         <property name="hostAddress" value="192.168.188.31"/>
         <property name="sessionId" value="54f98b042759d0345609d0098250f4b8"/>
         <property name="seleniumVersion" value="3.7.1"/>
         <property name="proxyInformation" value="ProxyInformation{proxyOption=NO_PROXY, proxyServerType=HTTP, password=, proxyServerAddress=, proxyServerPort=0}"/>
         <property name="platform" value="Mac OS X"/>
      </properties>
      <testcase name="Test Cases/Scripting/Scripting_Browser_handling" classname="Test Cases/Scripting/Scripting_Browser_handling" status="PASSED">
         <system-out><![CDATA[2018-03-01 16:02:47 - [TEST_CASE][PASSED] - Test Cases/Scripting/Scripting_Browser_handling: Test Cases/Scripting/Scripting_Browser_handling

2018-03-01 16:02:47 - [TEST_STEP][PASSED] - Statement - println(url): null

2018-03-01 16:02:47 - [TEST_STEP][PASSED] - openBrowser: Browser is opened with url: 'google.ch'

2018-03-01 16:02:50 - [MESSAGE][PASSED] - Browser is opened with url: 'google.ch'

2018-03-01 16:02:50 - [TEST_STEP][PASSED] - Statement - println(db_connection_string): null]]></system-out>
         <system-err><![CDATA[]]></system-err>
      </testcase>
      <testcase name="Test Cases/Scripting/Variable" classname="Test Cases/Scripting/Variable" status="PASSED">
         <system-out><![CDATA[2018-03-01 16:02:50 - [TEST_CASE][PASSED] - Test Cases/Scripting/Variable: Test Cases/Scripting/Variable

2018-03-01 16:02:50 - [TEST_STEP][PASSED] - Statement - println(url): null]]></system-out>
         <system-err><![CDATA[]]></system-err>
      </testcase>
      <system-out><![CDATA[2018-03-01 16:02:47 - [TEST_SUITE][PASSED] - First_Suite: Test Cases/Scripting/Variable]]></system-out>
      <system-err><![CDATA[]]></system-err>
   </testsuite>
</testsuites>
